<?xml version="1.0" encoding="UTF-8"?>
<!-- Generated by org.testng.reporters.JUnitReportReporter -->
<testsuite skipped="0" hostname="LAPTOP-J5FB7FLK" name="com.EasyCalculations.Locators.PartialLinkTest" tests="1" failures="0" timestamp="19 May 2023 04:58:00 GMT" time="72.717" errors="0">
  <testcase name="linkTest" time="72.717" classname="com.EasyCalculations.Locators.PartialLinkTest"/>
</testsuite> <!-- com.EasyCalculations.Locators.PartialLinkTest -->
