<?xml version="1.0" encoding="UTF-8"?>
<!-- Generated by org.testng.reporters.JUnitReportReporter -->
<testsuite skipped="0" hostname="LAPTOP-J5FB7FLK" name="com.EasyCalculations.Locators.FindElementsByLinks" tests="1" failures="0" timestamp="24 May 2023 06:01:15 GMT" time="41.999" errors="0">
  <testcase name="LinksLocator" time="41.999" classname="com.EasyCalculations.Locators.FindElementsByLinks"/>
</testsuite> <!-- com.EasyCalculations.Locators.FindElementsByLinks -->
