<?xml version="1.0" encoding="UTF-8"?>
<!-- Generated by org.testng.reporters.JUnitReportReporter -->
<testsuite skipped="0" hostname="LAPTOP-J5FB7FLK" name="com.EasyCalculations.Locators.DemoID" tests="1" failures="0" timestamp="10 Jul 2023 05:37:45 GMT" time="16.772" errors="0">
  <testcase name="TestNameDemo" time="16.772" classname="com.EasyCalculations.Locators.DemoID"/>
</testsuite> <!-- com.EasyCalculations.Locators.DemoID -->
